[19920104_091532] index:0;amount:42;created 생성자 호출됨
[19920104_091532] index:1;amount:54;created
[19920104_091532] index:2;amount:957;created
[19920104_091532] index:3;amount:432;created
[19920104_091532] index:4;amount:1234;created
[19920104_091532] index:5;amount:0;created
[19920104_091532] index:6;amount:754;created
[19920104_091532] index:7;amount:16576;created
생성자 호출 부분

index : 계좌 번호
amount : 현재 계좌의 잔액
created : 생성자 메세지

[19920104_091532] accounts:8;total:20049;deposits:0;withdrawals:0
displayAccountsInfos() 부분

accounts : 총 계좌 수
total : 총 계좌의 잔액 합산
deposits : 계좌에 입금된 총 횟수
withdrawals : 계좌에 출금된 총 횟수

[19920104_091532] index:0;amount:42;deposits:0;withdrawals:0
[19920104_091532] index:1;amount:54;deposits:0;withdrawals:0
[19920104_091532] index:2;amount:957;deposits:0;withdrawals:0
[19920104_091532] index:3;amount:432;deposits:0;withdrawals:0
[19920104_091532] index:4;amount:1234;deposits:0;withdrawals:0
[19920104_091532] index:5;amount:0;deposits:0;withdrawals:0
[19920104_091532] index:6;amount:754;deposits:0;withdrawals:0
[19920104_091532] index:7;amount:16576;deposits:0;withdrawals:0
각각의 displaystatus

deposits : 계좌에 입금된 총 횟수
withdrawals : 계좌에 출금된 총 횟수

[19920104_091532] index:0;p_amount:42;deposit:5;amount:47;nb_deposits:1
[19920104_091532] index:1;p_amount:54;deposit:765;amount:819;nb_deposits:1
[19920104_091532] index:2;p_amount:957;deposit:564;amount:1521;nb_deposits:1
[19920104_091532] index:3;p_amount:432;deposit:2;amount:434;nb_deposits:1
[19920104_091532] index:4;p_amount:1234;deposit:87;amount:1321;nb_deposits:1
[19920104_091532] index:5;p_amount:0;deposit:23;amount:23;nb_deposits:1
[19920104_091532] index:6;p_amount:754;deposit:9;amount:763;nb_deposits:1
[19920104_091532] index:7;p_amount:16576;deposit:20;amount:16596;nb_deposits:1
makeDeposit() 부분

p_amount : 이전 계좌의 잔액
deposit : 입금 금액
amount : 현재 계좌의 잔액
nb_deposits: 계좌에 입금된 총 횟수
nb_withdrawals: 계좌에서 인출된 총 횟수

[19920104_091532] accounts:8;total:21524;deposits:8;withdrawals:0
displayAccountsInfos() 부분

[19920104_091532] index:0;amount:47;deposits:1;withdrawals:0
[19920104_091532] index:1;amount:819;deposits:1;withdrawals:0
[19920104_091532] index:2;amount:1521;deposits:1;withdrawals:0
[19920104_091532] index:3;amount:434;deposits:1;withdrawals:0
[19920104_091532] index:4;amount:1321;deposits:1;withdrawals:0
[19920104_091532] index:5;amount:23;deposits:1;withdrawals:0
[19920104_091532] index:6;amount:763;deposits:1;withdrawals:0
[19920104_091532] index:7;amount:16596;deposits:1;withdrawals:0
각각의 displaystatus

[19920104_091532] index:0;p_amount:47;withdrawal:refused
[19920104_091532] index:1;p_amount:819;withdrawal:34;amount:785;nb_withdrawals:1
[19920104_091532] index:2;p_amount:1521;withdrawal:657;amount:864;nb_withdrawals:1
[19920104_091532] index:3;p_amount:434;withdrawal:4;amount:430;nb_withdrawals:1
[19920104_091532] index:4;p_amount:1321;withdrawal:76;amount:1245;nb_withdrawals:1
[19920104_091532] index:5;p_amount:23;withdrawal:refused
잔고가 출금금액보다 적으면 refused 부분

[19920104_091532] index:6;p_amount:763;withdrawal:657;amount:106;nb_withdrawals:1
[19920104_091532] index:7;p_amount:16596;withdrawal:7654;amount:8942;nb_withdrawals:1
makeWithdrawal 부분

[19920104_091532] accounts:8;total:12442;deposits:8;withdrawals:6
[19920104_091532] index:0;amount:47;deposits:1;withdrawals:0
[19920104_091532] index:1;amount:785;deposits:1;withdrawals:1
[19920104_091532] index:2;amount:864;deposits:1;withdrawals:1
[19920104_091532] index:3;amount:430;deposits:1;withdrawals:1
[19920104_091532] index:4;amount:1245;deposits:1;withdrawals:1
[19920104_091532] index:5;amount:23;deposits:1;withdrawals:0
[19920104_091532] index:6;amount:106;deposits:1;withdrawals:1
[19920104_091532] index:7;amount:8942;deposits:1;withdrawals:1\
displayAccountsInfos() 부분

[19920104_091532] index:0;amount:47;closed
[19920104_091532] index:1;amount:785;closed
[19920104_091532] index:2;amount:864;closed
[19920104_091532] index:3;amount:430;closed
[19920104_091532] index:4;amount:1245;closed
[19920104_091532] index:5;amount:23;closed
[19920104_091532] index:6;amount:106;closed
[19920104_091532] index:7;amount:8942;close
소멸자 호출

index: 계좌 번호를 나타냅니다.
amount: 현재 계좌의 잔액을 나타냅니다.
created: 계좌가 생성되었음을 나타냅니다.
deposits: 계좌에 입금된 총 횟수를 나타냅니다.
withdrawals: 계좌에서 인출된 총 횟수를 나타냅니다.
p_amount: 입금 또는 인출 전에 계좌의 잔액을 나타냅니다.
deposit: 계좌에 입금된 금액을 나타냅니다.
withdrawal: 계좌에서 인출된 금액을 나타냅니다.
nb_deposits: 계좌에 입금된 총 횟수를 나타냅니다.
nb_withdrawals: 계좌에서 인출된 총 횟수를 나타냅니다.
withdrawal
: 인출이 거부되었음을 나타냅니다. (계좌 잔액이 부족할 때 발생)
total: 모든 계좌의 총 잔액을 나타냅니다.
accounts: 총 계좌 수를 나타냅니다.
closed: 계좌가 닫혔음을 나타냅니다.
